<?xml version="1.0" encoding="UTF-8"?><testsuite errors="1" failures="0" name="Login exitoso con user y password" skipped="0" tests="1" time="35.31" timestamp="2023-02-18 12:22:56"><testcase name="login exitoso"><error message="no such element: Unable to locate element: {&quot;method&quot;:&quot;xpath&quot;,&quot;selector&quot;:&quot;/html/body/div[1]/div[3]/div/div/div/ul[2]/li[1]/a&quot;}&#10;  (Session info: chrome=110.0.5481.77)&#10;For documentation on this error, please visit: https://www.seleniumhq.org/exceptions/no_such_element.html&#10;Build info: version: '3.141.59', revision: 'e82be7d358', time: '2018-11-14T08:17:03'&#10;System info: host: 'CHPXELERICAGO1', ip: '192.168.20.42', os.name: 'Windows 10', os.arch: 'amd64', os.version: '10.0', java.version: '11.0.16.1'&#10;Driver info: org.openqa.selenium.chrome.ChromeDriver&#10;Capabilities {acceptInsecureCerts: false, browserName: chrome, browserVersion: 110.0.5481.77, chrome: {chromedriverVersion: 109.0.5414.74 (e7c5703604da..., userDataDir: C:\Users\jolivera\AppData\L...}, goog:chromeOptions: {debuggerAddress: localhost:55779}, javascriptEnabled: true, networkConnectionEnabled: false, pageLoadStrategy: normal, platform: WINDOWS, platformName: WINDOWS, proxy: Proxy(), setWindowRect: true, strictFileInteractability: false, timeouts: {implicit: 0, pageLoad: 300000, script: 30000}, unhandledPromptBehavior: dismiss and notify, webauthn:extension:credBlob: true, webauthn:extension:largeBlob: true, webauthn:virtualAuthenticators: true}&#10;Session ID: 9fe2d8964f4687a72c9e52c997a9f2cb&#10;*** Element info: {Using=xpath, value=/html/body/div[1]/div[3]/div/div/div/ul[2]/li[1]/a}" type="java.lang.AssertionError">no such element: Unable to locate element: {"method":"xpath","selector":"/html/body/div[1]/div[3]/div/div/div/ul[2]/li[1]/a"}
  (Session info: chrome=110.0.5481.77)
For documentation on this error, please visit: https://www.seleniumhq.org/exceptions/no_such_element.html
Build info: version: '3.141.59', revision: 'e82be7d358', time: '2018-11-14T08:17:03'
System info: host: 'CHPXELERICAGO1', ip: '192.168.20.42', os.name: 'Windows 10', os.arch: 'amd64', os.version: '10.0', java.version: '11.0.16.1'
Driver info: org.openqa.selenium.chrome.ChromeDriver
Capabilities {acceptInsecureCerts: false, browserName: chrome, browserVersion: 110.0.5481.77, chrome: {chromedriverVersion: 109.0.5414.74 (e7c5703604da..., userDataDir: C:\Users\jolivera\AppData\L...}, goog:chromeOptions: {debuggerAddress: localhost:55779}, javascriptEnabled: true, networkConnectionEnabled: false, pageLoadStrategy: normal, platform: WINDOWS, platformName: WINDOWS, proxy: Proxy(), setWindowRect: true, strictFileInteractability: false, timeouts: {implicit: 0, pageLoad: 300000, script: 30000}, unhandledPromptBehavior: dismiss and notify, webauthn:extension:credBlob: true, webauthn:extension:largeBlob: true, webauthn:virtualAuthenticators: true}
Session ID: 9fe2d8964f4687a72c9e52c997a9f2cb
*** Element info: {Using=xpath, value=/html/body/div[1]/div[3]/div/div/div/ul[2]/li[1]/a}</error><system-err>no such element: Unable to locate element: {"method":"xpath","selector":"/html/body/div[1]/div[3]/div/div/div/ul[2]/li[1]/a"}
  (Session info: chrome=110.0.5481.77)
For documentation on this error, please visit: https://www.seleniumhq.org/exceptions/no_such_element.html
Build info: version: '3.141.59', revision: 'e82be7d358', time: '2018-11-14T08:17:03'
System info: host: 'CHPXELERICAGO1', ip: '192.168.20.42', os.name: 'Windows 10', os.arch: 'amd64', os.version: '10.0', java.version: '11.0.16.1'
Driver info: org.openqa.selenium.chrome.ChromeDriver
Capabilities {acceptInsecureCerts: false, browserName: chrome, browserVersion: 110.0.5481.77, chrome: {chromedriverVersion: 109.0.5414.74 (e7c5703604da..., userDataDir: C:\Users\jolivera\AppData\L...}, goog:chromeOptions: {debuggerAddress: localhost:55779}, javascriptEnabled: true, networkConnectionEnabled: false, pageLoadStrategy: normal, platform: WINDOWS, platformName: WINDOWS, proxy: Proxy(), setWindowRect: true, strictFileInteractability: false, timeouts: {implicit: 0, pageLoad: 300000, script: 30000}, unhandledPromptBehavior: dismiss and notify, webauthn:extension:credBlob: true, webauthn:extension:largeBlob: true, webauthn:virtualAuthenticators: true}
Session ID: 9fe2d8964f4687a72c9e52c997a9f2cb
*** Element info: {Using=xpath, value=/html/body/div[1]/div[3]/div/div/div/ul[2]/li[1]/a}&#13;
stepdefinitions.LoginStepDefinitions.el_user_vera_en_la_pnatalla_el_dashboard(LoginStepDefinitions.java:49)&#13;
✽.EL user vera en la pnatalla el dashboard(src/test/resources/features/prueba.feature:24)&#13;
</system-err></testcase></testsuite>